# JRE version: Java(TM) SE Runtime Environment (8.0_66-b18) (build 1.8.0_66-b18)
# Java VM: Java HotSpot(TM) Client VM (25.66-b18 mixed mode windows-x86 )
Heap:
 def new generation   total 11392K, used 3566K [0x04a00000, 0x05650000, 0x09f50000)
  eden space 10176K,  23% used [0x04a00000, 0x04c4bb70, 0x053f0000)
  from space 1216K, 100% used [0x05520000, 0x05650000, 0x05650000)
  to   space 1216K,   0% used [0x053f0000, 0x053f0000, 0x05520000)
 tenured generation   total 25096K, used 16206K [0x09f50000, 0x0b7d2000, 0x14a00000)
   the space 25096K,  64% used [0x09f50000, 0x0af23b48, 0x0af23c00, 0x0b7d2000)
 Metaspace       used 18367K, capacity 18584K, committed 18688K, reserved 18816K
GC Heap History (10 events):
Event: 4.239 GC heap before
{Heap before GC invocations=49 (full 2):
 def new generation   total 7104K, used 7103K [0x04a00000, 0x051b0000, 0x09f50000)
  eden space 6336K, 100% used [0x04a00000, 0x05030000, 0x05030000)
  from space 768K,  99% used [0x050f0000, 0x051afff8, 0x051b0000)
  to   space 768K,   0% used [0x05030000, 0x05030000, 0x050f0000)
 tenured generation   total 15728K, used 14967K [0x09f50000, 0x0aeac000, 0x14a00000)
   the space 15728K,  95% used [0x09f50000, 0x0adedd08, 0x0adede00, 0x0aeac000)
 Metaspace       used 16730K, capacity 16910K, committed 17024K, reserved 17792K
Event: 4.243 GC heap after
Heap after GC invocations=50 (full 2):
 def new generation   total 7104K, used 517K [0x04a00000, 0x051b0000, 0x09f50000)
  eden space 6336K,   0% used [0x04a00000, 0x04a00000, 0x05030000)
  from space 768K,  67% used [0x05030000, 0x050b1558, 0x050f0000)
  to   space 768K,   0% used [0x050f0000, 0x050f0000, 0x051b0000)
 tenured generation   total 15728K, used 15436K [0x09f50000, 0x0aeac000, 0x14a00000)
   the space 15728K,  98% used [0x09f50000, 0x0ae63370, 0x0ae63400, 0x0aeac000)
 Metaspace       used 16730K, capacity 16910K, committed 17024K, reserved 17792K
}
Event: 4.313 GC heap before
{Heap before GC invocations=50 (full 2):
 def new generation   total 7104K, used 6853K [0x04a00000, 0x051b0000, 0x09f50000)
  eden space 6336K, 100% used [0x04a00000, 0x05030000, 0x05030000)
  from space 768K,  67% used [0x05030000, 0x050b1558, 0x050f0000)
  to   space 768K,   0% used [0x050f0000, 0x050f0000, 0x051b0000)
 tenured generation   total 15728K, used 15436K [0x09f50000, 0x0aeac000, 0x14a00000)
   the space 15728K,  98% used [0x09f50000, 0x0ae63370, 0x0ae63400, 0x0aeac000)
 Metaspace       used 16823K, capacity 17009K, committed 17152K, reserved 17792K
Event: 4.357 GC heap after
Heap after GC invocations=51 (full 3):
 def new generation   total 11392K, used 0K [0x04a00000, 0x05650000, 0x09f50000)
  eden space 10176K,   0% used [0x04a00000, 0x04a00000, 0x053f0000)
  from space 1216K,   0% used [0x053f0000, 0x053f0000, 0x05520000)
  to   space 1216K,   0% used [0x05520000, 0x05520000, 0x05650000)
 tenured generation   total 25096K, used 15055K [0x09f50000, 0x0b7d2000, 0x14a00000)
   the space 25096K,  59% used [0x09f50000, 0x0ae03f88, 0x0ae04000, 0x0b7d2000)
 Metaspace       used 16823K, capacity 17009K, committed 17152K, reserved 17792K
}
Event: 4.478 GC heap before
{Heap before GC invocations=51 (full 3):
 def new generation   total 11392K, used 10176K [0x04a00000, 0x05650000, 0x09f50000)
  eden space 10176K, 100% used [0x04a00000, 0x053f0000, 0x053f0000)
  from space 1216K,   0% used [0x053f0000, 0x053f0000, 0x05520000)
  to   space 1216K,   0% used [0x05520000, 0x05520000, 0x05650000)
 tenured generation   total 25096K, used 15055K [0x09f50000, 0x0b7d2000, 0x14a00000)
   the space 25096K,  59% used [0x09f50000, 0x0ae03f88, 0x0ae04000, 0x0b7d2000)
 Metaspace       used 16958K, capacity 17137K, committed 17280K, reserved 17792K
Event: 4.481 GC heap after
Heap after GC invocations=52 (full 3):
 def new generation   total 11392K, used 776K [0x04a00000, 0x05650000, 0x09f50000)
  eden space 10176K,   0% used [0x04a00000, 0x04a00000, 0x053f0000)
  from space 1216K,  63% used [0x05520000, 0x055e2040, 0x05650000)
  to   space 1216K,   0% used [0x053f0000, 0x053f0000, 0x05520000)
 tenured generation   total 25096K, used 15055K [0x09f50000, 0x0b7d2000, 0x14a00000)
   the space 25096K,  59% used [0x09f50000, 0x0ae03f88, 0x0ae04000, 0x0b7d2000)
 Metaspace       used 16958K, capacity 17137K, committed 17280K, reserved 17792K
}
Event: 4.659 GC heap before
{Heap before GC invocations=52 (full 3):
 def new generation   total 11392K, used 10952K [0x04a00000, 0x05650000, 0x09f50000)
  eden space 10176K, 100% used [0x04a00000, 0x053f0000, 0x053f0000)
  from space 1216K,  63% used [0x05520000, 0x055e2040, 0x05650000)
  to   space 1216K,   0% used [0x053f0000, 0x053f0000, 0x05520000)
 tenured generation   total 25096K, used 15055K [0x09f50000, 0x0b7d2000, 0x14a00000)
   the space 25096K,  59% used [0x09f50000, 0x0ae03f88, 0x0ae04000, 0x0b7d2000)
 Metaspace       used 17375K, capacity 17558K, committed 17664K, reserved 17792K
Event: 4.663 GC heap after
Heap after GC invocations=53 (full 3):
 def new generation   total 11392K, used 490K [0x04a00000, 0x05650000, 0x09f50000)
  eden space 10176K,   0% used [0x04a00000, 0x04a00000, 0x053f0000)
  from space 1216K,  40% used [0x053f0000, 0x0546a880, 0x05520000)
  to   space 1216K,   0% used [0x05520000, 0x05520000, 0x05650000)
 tenured generation   total 25096K, used 15687K [0x09f50000, 0x0b7d2000, 0x14a00000)
   the space 25096K,  62% used [0x09f50000, 0x0aea1d10, 0x0aea1e00, 0x0b7d2000)
 Metaspace       used 17375K, capacity 17558K, committed 17664K, reserved 17792K
}
Event: 12.832 GC heap before
{Heap before GC invocations=53 (full 3):
 def new generation   total 11392K, used 10666K [0x04a00000, 0x05650000, 0x09f50000)
  eden space 10176K, 100% used [0x04a00000, 0x053f0000, 0x053f0000)
  from space 1216K,  40% used [0x053f0000, 0x0546a880, 0x05520000)
  to   space 1216K,   0% used [0x05520000, 0x05520000, 0x05650000)
 tenured generation   total 25096K, used 15687K [0x09f50000, 0x0b7d2000, 0x14a00000)
   the space 25096K,  62% used [0x09f50000, 0x0aea1d10, 0x0aea1e00, 0x0b7d2000)
 Metaspace       used 18202K, capacity 18390K, committed 18560K, reserved 18816K
Event: 12.838 GC heap after
Heap after GC invocations=54 (full 3):
 def new generation   total 11392K, used 1216K [0x04a00000, 0x05650000, 0x09f50000)
  eden space 10176K,   0% used [0x04a00000, 0x04a00000, 0x053f0000)
  from space 1216K, 100% used [0x05520000, 0x05650000, 0x05650000)
  to   space 1216K,   0% used [0x053f0000, 0x053f0000, 0x05520000)
 tenured generation   total 25096K, used 16206K [0x09f50000, 0x0b7d2000, 0x14a00000)
   the space 25096K,  64% used [0x09f50000, 0x0af23b48, 0x0af23c00, 0x0b7d2000)
 Metaspace       used 18202K, capacity 18390K, committed 18560K, reserved 18816K
}

